+++++++++++++++++++++++++
+++++++++++++++++++++++++
++++++++++XX+++++++++++++
++++++++++XX+++++++++++++
++++++++++++XX+++++++++++
++++++++++++XX+++++++++++
+++++++++++++++++++++++++
+++++++++++++++++++++++++
+++++++++++++++++++++++++
+++++++++++++++++++++++++
+++++++++++++++++++++++++
+++++++++++++++++++++++++
+++++++++++++++++++++++++
+++++++++++++++++++++++++
+++++++++++++++++++++++++
+++++++++++++++++++++++++
+++++++++++++++++++++++++
+++++++++++++++++++++++++
+++++++++++++++++++++++++
+++++++++++++++++++++++++
+++XXXXX+++++++++++++++++
++X+++++X++++++++++++++++
++++++++X++++++++++++++++
++X++++X+++++++++++++++++
++++XX+++++++++++++++++++

+++++++++++++++++++++++++
+++++++++++++++++++++++++
++++++++++XX+++++++++++++
++++++++++X++++++++++++++
+++++++++++++X+++++++++++
++++++++++++XX+++++++++++
+++++++++++++++++++++++++
+++++++++++++++++++++++++
+++++++++++++++++++++++++
+++++++++++++++++++++++++
+++++++++++++++++++++++++
+++++++++++++++++++++++++
+++++++++++++++++++++++++
+++++++++++++++++++++++++
+++++++++++++++++++++++++
+++++++++++++++++++++++++
+++++++++++++++++++++++++
+++++++++++++++++++++++++
+++++++++++++++++++++++++
++++XXX++++++++++++++++++
+++XXXXX+++++++++++++++++
+++XXXX+X++++++++++++++++
+++++++XX++++++++++++++++
+++++++++++++++++++++++++
+++++++++++++++++++++++++

+++++++++++++++++++++++++
+++++++++++++++++++++++++
++++++++++XX+++++++++++++
++++++++++XX+++++++++++++
++++++++++++XX+++++++++++
++++++++++++XX+++++++++++
+++++++++++++++++++++++++
+++++++++++++++++++++++++
+++++++++++++++++++++++++
+++++++++++++++++++++++++
+++++++++++++++++++++++++
+++++++++++++++++++++++++
+++++++++++++++++++++++++
+++++++++++++++++++++++++
+++++++++++++++++++++++++
+++++++++++++++++++++++++
+++++++++++++++++++++++++
+++++++++++++++++++++++++
+++++X+++++++++++++++++++
+++X+++X+++++++++++++++++
+++++++++++++++++++++++++
+++X++++X++++++++++++++++
++++XXXXX++++++++++++++++
+++++++++++++++++++++++++
+++++++++++++++++++++++++

+++++++++++++++++++++++++
+++++++++++++++++++++++++
++++++++++XX+++++++++++++
++++++++++XX+++++++++++++
++++++++++++XX+++++++++++
++++++++++++XX+++++++++++
+++++++++++++++++++++++++
+++++++++++++++++++++++++
+++++++++++++++++++++++++
+++++++++++++++++++++++++
+++++++++++++++++++++++++
+++++++++++++++++++++++++
+++++++++++++++++++++++++
+++++++++++++++++++++++++
+++++++++++++++++++++++++
+++++++++++++++++++++++++
+++++++++++++++++++++++++
+++++++++++++++++++++++++
+++++++++++++++++++++++++
+++++++++++++++++++++++++
+++XXXXX+++++++++++++++++
++X+++++X++++++++++++++++
++++++++X++++++++++++++++
++X++++X+++++++++++++++++
++++XX+++++++++++++++++++

+++++++++++++++++++++++++
+++++++++++++++++++++++++
++++++++++XX+++++++++++++
++++++++++X++++++++++++++
+++++++++++++X+++++++++++
++++++++++++XX+++++++++++
+++++++++++++++++++++++++
+++++++++++++++++++++++++
+++++++++++++++++++++++++
+++++++++++++++++++++++++
+++++++++++++++++++++++++
+++++++++++++++++++++++++
+++++++++++++++++++++++++
+++++++++++++++++++++++++
+++++++++++++++++++++++++
+++++++++++++++++++++++++
+++++++++++++++++++++++++
+++++++++++++++++++++++++
+++++++++++++++++++++++++
++++XXX++++++++++++++++++
+++XXXXX+++++++++++++++++
+++XXXX+X++++++++++++++++
+++++++XX++++++++++++++++
+++++++++++++++++++++++++
+++++++++++++++++++++++++

+++++++++++++++++++++++++
+++++++++++++++++++++++++
++++++++++XX+++++++++++++
++++++++++XX+++++++++++++
++++++++++++XX+++++++++++
++++++++++++XX+++++++++++
+++++++++++++++++++++++++
+++++++++++++++++++++++++
+++++++++++++++++++++++++
+++++++++++++++++++++++++
+++++++++++++++++++++++++
+++++++++++++++++++++++++
+++++++++++++++++++++++++
+++++++++++++++++++++++++
+++++++++++++++++++++++++
+++++++++++++++++++++++++
+++++++++++++++++++++++++
+++++++++++++++++++++++++
+++++X+++++++++++++++++++
+++X+++X+++++++++++++++++
+++++++++++++++++++++++++
+++X++++X++++++++++++++++
++++XXXXX++++++++++++++++
+++++++++++++++++++++++++
+++++++++++++++++++++++++

+++++++++++++++++++++++++
+++++++++++++++++++++++++
++++++++++XX+++++++++++++
++++++++++XX+++++++++++++
++++++++++++XX+++++++++++
++++++++++++XX+++++++++++
+++++++++++++++++++++++++
+++++++++++++++++++++++++
+++++++++++++++++++++++++
+++++++++++++++++++++++++
+++++++++++++++++++++++++
+++++++++++++++++++++++++
+++++++++++++++++++++++++
+++++++++++++++++++++++++
+++++++++++++++++++++++++
+++++++++++++++++++++++++
+++++++++++++++++++++++++
+++++++++++++++++++++++++
+++++++++++++++++++++++++
+++++++++++++++++++++++++
+++XXXXX+++++++++++++++++
++X+++++X++++++++++++++++
++++++++X++++++++++++++++
++X++++X+++++++++++++++++
++++XX+++++++++++++++++++

+++++++++++++++++++++++++
+++++++++++++++++++++++++
++++++++++XX+++++++++++++
++++++++++X++++++++++++++
+++++++++++++X+++++++++++
++++++++++++XX+++++++++++
+++++++++++++++++++++++++
+++++++++++++++++++++++++
+++++++++++++++++++++++++
+++++++++++++++++++++++++
+++++++++++++++++++++++++
+++++++++++++++++++++++++
+++++++++++++++++++++++++
+++++++++++++++++++++++++
+++++++++++++++++++++++++
+++++++++++++++++++++++++
+++++++++++++++++++++++++
+++++++++++++++++++++++++
+++++++++++++++++++++++++
++++XXX++++++++++++++++++
+++XXXXX+++++++++++++++++
+++XXXX+X++++++++++++++++
+++++++XX++++++++++++++++
+++++++++++++++++++++++++
+++++++++++++++++++++++++

+++++++++++++++++++++++++
+++++++++++++++++++++++++
++++++++++XX+++++++++++++
++++++++++XX+++++++++++++
++++++++++++XX+++++++++++
++++++++++++XX+++++++++++
+++++++++++++++++++++++++
+++++++++++++++++++++++++
+++++++++++++++++++++++++
+++++++++++++++++++++++++
+++++++++++++++++++++++++
+++++++++++++++++++++++++
+++++++++++++++++++++++++
+++++++++++++++++++++++++
+++++++++++++++++++++++++
+++++++++++++++++++++++++
+++++++++++++++++++++++++
+++++++++++++++++++++++++
+++++X+++++++++++++++++++
+++X+++X+++++++++++++++++
+++++++++++++++++++++++++
+++X++++X++++++++++++++++
++++XXXXX++++++++++++++++
+++++++++++++++++++++++++
+++++++++++++++++++++++++

+++++++++++++++++++++++++
+++++++++++++++++++++++++
++++++++++XX+++++++++++++
++++++++++XX+++++++++++++
++++++++++++XX+++++++++++
++++++++++++XX+++++++++++
+++++++++++++++++++++++++
+++++++++++++++++++++++++
+++++++++++++++++++++++++
+++++++++++++++++++++++++
+++++++++++++++++++++++++
+++++++++++++++++++++++++
+++++++++++++++++++++++++
+++++++++++++++++++++++++
+++++++++++++++++++++++++
+++++++++++++++++++++++++
+++++++++++++++++++++++++
+++++++++++++++++++++++++
+++++++++++++++++++++++++
+++++++++++++++++++++++++
+++XXXXX+++++++++++++++++
++X+++++X++++++++++++++++
++++++++X++++++++++++++++
++X++++X+++++++++++++++++
++++XX+++++++++++++++++++

+++++++++++++++++++++++++
+++++++++++++++++++++++++
++++++++++XX+++++++++++++
++++++++++X++++++++++++++
+++++++++++++X+++++++++++
++++++++++++XX+++++++++++
+++++++++++++++++++++++++
+++++++++++++++++++++++++
+++++++++++++++++++++++++
+++++++++++++++++++++++++
+++++++++++++++++++++++++
+++++++++++++++++++++++++
+++++++++++++++++++++++++
+++++++++++++++++++++++++
+++++++++++++++++++++++++
+++++++++++++++++++++++++
+++++++++++++++++++++++++
+++++++++++++++++++++++++
+++++++++++++++++++++++++
++++XXX++++++++++++++++++
+++XXXXX+++++++++++++++++
+++XXXX+X++++++++++++++++
+++++++XX++++++++++++++++
+++++++++++++++++++++++++
+++++++++++++++++++++++++

+++++++++++++++++++++++++
+++++++++++++++++++++++++
++++++++++XX+++++++++++++
++++++++++XX+++++++++++++
++++++++++++XX+++++++++++
++++++++++++XX+++++++++++
+++++++++++++++++++++++++
+++++++++++++++++++++++++
+++++++++++++++++++++++++
+++++++++++++++++++++++++
+++++++++++++++++++++++++
+++++++++++++++++++++++++
+++++++++++++++++++++++++
+++++++++++++++++++++++++
+++++++++++++++++++++++++
+++++++++++++++++++++++++
+++++++++++++++++++++++++
+++++++++++++++++++++++++
+++++X+++++++++++++++++++
+++X+++X+++++++++++++++++
+++++++++++++++++++++++++
+++X++++X++++++++++++++++
++++XXXXX++++++++++++++++
+++++++++++++++++++++++++
+++++++++++++++++++++++++

+++++++++++++++++++++++++
+++++++++++++++++++++++++
++++++++++XX+++++++++++++
++++++++++X++++++++++++++
+++++++++++++X+++++++++++
++++++++++++XX+++++++++++
+++++++++++++++++++++++++
+++++++++++++++++++++++++
+++++++++++++++++++++++++
+++++++++++++++++++++++++
+++++++++++++++++++++++++
+++++++++++++++++++++++++
+++++++++++++++++++++++++
+++++++++++++++++++++++++
+++++++++++++++++++++++++
+++++++++++++++++++++++++
+++++++++++++++++++++++++
+++++++++++++++++++++++++
+++++++++++++++++++++++++
+++++++++++++++++++++++++
++++++X++++++++++++++++++
++XXXX+XX++++++++++++++++
++XXXXXX+++++++++++++++++
+++XXXX++++++++++++++++++
+++++++++++++++++++++++++


+++++++++++++++++++++++++
+++++++++++++++++++++++++
++++++++++XX+++++++++++++
++++++++++X++++++++++++++
+++++++++++++X+++++++++++
++++++++++++XX+++++++++++
+++++++++++++++++++++++++
+++++++++++++++++++++++++
+++++++++++++++++++++++++
+++++++++++++++++++++++++
+++++++++++++++++++++++++
+++++++++++++++++++++++++
+++++++++++++++++++++++++
+++++++++++++++++++++++++
+++++++++++++++++++++++++
+++++++++++++++++++++++++
+++++++++++++++++++++++++
+++++++++++++++++++++++++
+++++++++++++++++++++++++
+++++++++++++++++++++++++
++++++X++++++++++++++++++
++XXXX+XX++++++++++++++++
++XXXXXX+++++++++++++++++
+++XXXX++++++++++++++++++
+++++++++++++++++++++++++


+++++++++++++++++++++++++
+++++++++++++++++++++++++
++++++++++XX+++++++++++++
++++++++++X++++++++++++++
+++++++++++++X+++++++++++
++++++++++++XX+++++++++++
+++++++++++++++++++++++++
+++++++++++++++++++++++++
+++++++++++++++++++++++++
+++++++++++++++++++++++++
+++++++++++++++++++++++++
+++++++++++++++++++++++++
+++++++++++++++++++++++++
+++++++++++++++++++++++++
+++++++++++++++++++++++++
+++++++++++++++++++++++++
+++++++++++++++++++++++++
+++++++++++++++++++++++++
+++++++++++++++++++++++++
+++++++++++++++++++++++++
++++++X++++++++++++++++++
++XXXX+XX++++++++++++++++
++XXXXXX+++++++++++++++++
+++XXXX++++++++++++++++++
+++++++++++++++++++++++++

